# JRE version: Java(TM) SE Runtime Environment (21.0.1+12) (build 21.0.1+12-LTS-29)
# Java VM: Java HotSpot(TM) 64-Bit Server VM (21.0.1+12-LTS-29, mixed mode, sharing, tiered, compressed oops, compressed class ptrs, g1 gc, windows-amd64)
GC Precious Log:
 CardTable entry size: 512
 Card Set container configuration: InlinePtr #cards 5 size 8 Array Of Cards #cards 12 size 40 Howl #buckets 4 coarsen threshold 1843 Howl Bitmap #cards 512 size 80 coarsen threshold 460 Card regions per heap region 1 cards per card region 2048
 CPUs: 8 total, 8 available
 Memory: 3971M
 Large Page Support: Disabled
 NUMA Support: Disabled
 Compressed Oops: Enabled (32-bit)
 Heap Region Size: 1M
 Heap Min Capacity: 8M
 Heap Initial Capacity: 64M
 Heap Max Capacity: 994M
 Pre-touch: Disabled
 Parallel Workers: 8
 Concurrent Workers: 2
 Concurrent Refinement Workers: 8
 Periodic GC: Disabled
Heap:
 garbage-first heap   total 61440K, used 42952K [0x00000000c1e00000, 0x0000000100000000)
  region size 1024K, 16 young (16384K), 4 survivors (4096K)
 Metaspace       used 67316K, committed 67968K, reserved 1114112K
  class space    used 9092K, committed 9344K, reserved 1048576K
GC Heap History (20 events):
Event: 6.708 GC heap before
{Heap before GC invocations=3 (full 0):
 garbage-first heap   total 65536K, used 32337K [0x00000000c1e00000, 0x0000000100000000)
  region size 1024K, 24 young (24576K), 4 survivors (4096K)
 Metaspace       used 21302K, committed 21504K, reserved 1114112K
  class space    used 2657K, committed 2752K, reserved 1048576K
}
Event: 6.719 GC heap after
{Heap after GC invocations=4 (full 0):
 garbage-first heap   total 65536K, used 16948K [0x00000000c1e00000, 0x0000000100000000)
  region size 1024K, 5 young (5120K), 5 survivors (5120K)
 Metaspace       used 21302K, committed 21504K, reserved 1114112K
  class space    used 2657K, committed 2752K, reserved 1048576K
}
Event: 7.900 GC heap before
{Heap before GC invocations=5 (full 0):
 garbage-first heap   total 61440K, used 49716K [0x00000000c1e00000, 0x0000000100000000)
  region size 1024K, 37 young (37888K), 5 survivors (5120K)
 Metaspace       used 24455K, committed 24704K, reserved 1114112K
  class space    used 3046K, committed 3136K, reserved 1048576K
}
Event: 7.914 GC heap after
{Heap after GC invocations=6 (full 0):
 garbage-first heap   total 61440K, used 19776K [0x00000000c1e00000, 0x0000000100000000)
  region size 1024K, 3 young (3072K), 3 survivors (3072K)
 Metaspace       used 24455K, committed 24704K, reserved 1114112K
  class space    used 3046K, committed 3136K, reserved 1048576K
}
Event: 9.186 GC heap before
{Heap before GC invocations=6 (full 0):
 garbage-first heap   total 61440K, used 47424K [0x00000000c1e00000, 0x0000000100000000)
  region size 1024K, 30 young (30720K), 3 survivors (3072K)
 Metaspace       used 28694K, committed 28992K, reserved 1114112K
  class space    used 3696K, committed 3840K, reserved 1048576K
}
Event: 9.193 GC heap after
{Heap after GC invocations=7 (full 0):
 garbage-first heap   total 61440K, used 21402K [0x00000000c1e00000, 0x0000000100000000)
  region size 1024K, 2 young (2048K), 2 survivors (2048K)
 Metaspace       used 28694K, committed 28992K, reserved 1114112K
  class space    used 3696K, committed 3840K, reserved 1048576K
}
Event: 10.332 GC heap before
{Heap before GC invocations=7 (full 0):
 garbage-first heap   total 61440K, used 49050K [0x00000000c1e00000, 0x0000000100000000)
  region size 1024K, 29 young (29696K), 2 survivors (2048K)
 Metaspace       used 33280K, committed 33728K, reserved 1114112K
  class space    used 4396K, committed 4544K, reserved 1048576K
}
Event: 10.345 GC heap after
{Heap after GC invocations=8 (full 0):
 garbage-first heap   total 61440K, used 24206K [0x00000000c1e00000, 0x0000000100000000)
  region size 1024K, 4 young (4096K), 4 survivors (4096K)
 Metaspace       used 33280K, committed 33728K, reserved 1114112K
  class space    used 4396K, committed 4544K, reserved 1048576K
}
Event: 10.841 GC heap before
{Heap before GC invocations=8 (full 0):
 garbage-first heap   total 61440K, used 34446K [0x00000000c1e00000, 0x0000000100000000)
  region size 1024K, 15 young (15360K), 4 survivors (4096K)
 Metaspace       used 35505K, committed 35968K, reserved 1114112K
  class space    used 4632K, committed 4864K, reserved 1048576K
}
Event: 10.861 GC heap after
{Heap after GC invocations=9 (full 0):
 garbage-first heap   total 61440K, used 25782K [0x00000000c1e00000, 0x0000000100000000)
  region size 1024K, 2 young (2048K), 2 survivors (2048K)
 Metaspace       used 35505K, committed 35968K, reserved 1114112K
  class space    used 4632K, committed 4864K, reserved 1048576K
}
Event: 12.327 GC heap before
{Heap before GC invocations=10 (full 0):
 garbage-first heap   total 61440K, used 52406K [0x00000000c1e00000, 0x0000000100000000)
  region size 1024K, 27 young (27648K), 2 survivors (2048K)
 Metaspace       used 39539K, committed 40064K, reserved 1114112K
  class space    used 5194K, committed 5440K, reserved 1048576K
}
Event: 12.335 GC heap after
{Heap after GC invocations=11 (full 0):
 garbage-first heap   total 61440K, used 27088K [0x00000000c1e00000, 0x0000000100000000)
  region size 1024K, 3 young (3072K), 3 survivors (3072K)
 Metaspace       used 39539K, committed 40064K, reserved 1114112K
  class space    used 5194K, committed 5440K, reserved 1048576K
}
Event: 14.050 GC heap before
{Heap before GC invocations=11 (full 0):
 garbage-first heap   total 61440K, used 52688K [0x00000000c1e00000, 0x0000000100000000)
  region size 1024K, 28 young (28672K), 3 survivors (3072K)
 Metaspace       used 49540K, committed 50112K, reserved 1114112K
  class space    used 6559K, committed 6848K, reserved 1048576K
}
Event: 14.058 GC heap after
{Heap after GC invocations=12 (full 0):
 garbage-first heap   total 61440K, used 28754K [0x00000000c1e00000, 0x0000000100000000)
  region size 1024K, 4 young (4096K), 4 survivors (4096K)
 Metaspace       used 49540K, committed 50112K, reserved 1114112K
  class space    used 6559K, committed 6848K, reserved 1048576K
}
Event: 15.759 GC heap before
{Heap before GC invocations=12 (full 0):
 garbage-first heap   total 61440K, used 51282K [0x00000000c1e00000, 0x0000000100000000)
  region size 1024K, 27 young (27648K), 4 survivors (4096K)
 Metaspace       used 55641K, committed 56192K, reserved 1114112K
  class space    used 7322K, committed 7552K, reserved 1048576K
}
Event: 15.766 GC heap after
{Heap after GC invocations=13 (full 0):
 garbage-first heap   total 61440K, used 30271K [0x00000000c1e00000, 0x0000000100000000)
  region size 1024K, 2 young (2048K), 2 survivors (2048K)
 Metaspace       used 55641K, committed 56192K, reserved 1114112K
  class space    used 7322K, committed 7552K, reserved 1048576K
}
Event: 16.306 GC heap before
{Heap before GC invocations=13 (full 0):
 garbage-first heap   total 61440K, used 40511K [0x00000000c1e00000, 0x0000000100000000)
  region size 1024K, 14 young (14336K), 2 survivors (2048K)
 Metaspace       used 59544K, committed 60096K, reserved 1114112K
  class space    used 7945K, committed 8192K, reserved 1048576K
}
Event: 16.309 GC heap after
{Heap after GC invocations=14 (full 0):
 garbage-first heap   total 61440K, used 30710K [0x00000000c1e00000, 0x0000000100000000)
  region size 1024K, 3 young (3072K), 3 survivors (3072K)
 Metaspace       used 59544K, committed 60096K, reserved 1114112K
  class space    used 7945K, committed 8192K, reserved 1048576K
}
Event: 17.551 GC heap before
{Heap before GC invocations=15 (full 0):
 garbage-first heap   total 61440K, used 53238K [0x00000000c1e00000, 0x0000000100000000)
  region size 1024K, 26 young (26624K), 3 survivors (3072K)
 Metaspace       used 65392K, committed 65984K, reserved 1114112K
  class space    used 8858K, committed 9088K, reserved 1048576K
}
Event: 17.555 GC heap after
{Heap after GC invocations=16 (full 0):
 garbage-first heap   total 61440K, used 31688K [0x00000000c1e00000, 0x0000000100000000)
  region size 1024K, 4 young (4096K), 4 survivors (4096K)
 Metaspace       used 65392K, committed 65984K, reserved 1114112K
  class space    used 8858K, committed 9088K, reserved 1048576K
}

