# JRE version: Java(TM) SE Runtime Environment (21.0.1+12) (build 21.0.1+12-LTS-29)
# Java VM: Java HotSpot(TM) 64-Bit Server VM (21.0.1+12-LTS-29, mixed mode, sharing, tiered, compressed oops, compressed class ptrs, g1 gc, windows-amd64)
GC Precious Log:
 CardTable entry size: 512
 Card Set container configuration: InlinePtr #cards 5 size 8 Array Of Cards #cards 12 size 40 Howl #buckets 4 coarsen threshold 1843 Howl Bitmap #cards 512 size 80 coarsen threshold 460 Card regions per heap region 1 cards per card region 2048
 CPUs: 8 total, 8 available
 Memory: 3971M
 Large Page Support: Disabled
 NUMA Support: Disabled
 Compressed Oops: Enabled (32-bit)
 Heap Region Size: 1M
 Heap Min Capacity: 8M
 Heap Initial Capacity: 64M
 Heap Max Capacity: 994M
 Pre-touch: Disabled
 Parallel Workers: 8
 Concurrent Workers: 2
 Concurrent Refinement Workers: 8
 Periodic GC: Disabled
Heap:
 garbage-first heap   total 91136K, used 69989K [0x00000000c1e00000, 0x0000000100000000)
  region size 1024K, 33 young (33792K), 4 survivors (4096K)
 Metaspace       used 82794K, committed 83584K, reserved 1179648K
  class space    used 11111K, committed 11456K, reserved 1048576K
GC Heap History (20 events):
Event: 18.103 GC heap before
{Heap before GC invocations=24 (full 0):
 garbage-first heap   total 70656K, used 61094K [0x00000000c1e00000, 0x0000000100000000)
  region size 1024K, 33 young (33792K), 3 survivors (3072K)
 Metaspace       used 63526K, committed 64128K, reserved 1114112K
  class space    used 8391K, committed 8640K, reserved 1048576K
}
Event: 18.108 GC heap after
{Heap after GC invocations=25 (full 0):
 garbage-first heap   total 70656K, used 32001K [0x00000000c1e00000, 0x0000000100000000)
  region size 1024K, 3 young (3072K), 3 survivors (3072K)
 Metaspace       used 63526K, committed 64128K, reserved 1114112K
  class space    used 8391K, committed 8640K, reserved 1048576K
}
Event: 18.512 GC heap before
{Heap before GC invocations=25 (full 0):
 garbage-first heap   total 70656K, used 62721K [0x00000000c1e00000, 0x0000000100000000)
  region size 1024K, 33 young (33792K), 3 survivors (3072K)
 Metaspace       used 66370K, committed 67008K, reserved 1114112K
  class space    used 8812K, committed 9088K, reserved 1048576K
}
Event: 18.516 GC heap after
{Heap after GC invocations=26 (full 0):
 garbage-first heap   total 70656K, used 32051K [0x00000000c1e00000, 0x0000000100000000)
  region size 1024K, 4 young (4096K), 4 survivors (4096K)
 Metaspace       used 66370K, committed 67008K, reserved 1114112K
  class space    used 8812K, committed 9088K, reserved 1048576K
}
Event: 19.233 GC heap before
{Heap before GC invocations=26 (full 0):
 garbage-first heap   total 70656K, used 60723K [0x00000000c1e00000, 0x0000000100000000)
  region size 1024K, 32 young (32768K), 4 survivors (4096K)
 Metaspace       used 69062K, committed 69696K, reserved 1114112K
  class space    used 9170K, committed 9472K, reserved 1048576K
}
Event: 19.240 GC heap after
{Heap after GC invocations=27 (full 0):
 garbage-first heap   total 70656K, used 33268K [0x00000000c1e00000, 0x0000000100000000)
  region size 1024K, 4 young (4096K), 4 survivors (4096K)
 Metaspace       used 69062K, committed 69696K, reserved 1114112K
  class space    used 9170K, committed 9472K, reserved 1048576K
}
Event: 19.659 GC heap before
{Heap before GC invocations=27 (full 0):
 garbage-first heap   total 70656K, used 60916K [0x00000000c1e00000, 0x0000000100000000)
  region size 1024K, 31 young (31744K), 4 survivors (4096K)
 Metaspace       used 71690K, committed 72320K, reserved 1114112K
  class space    used 9528K, committed 9792K, reserved 1048576K
}
Event: 19.665 GC heap after
{Heap after GC invocations=28 (full 0):
 garbage-first heap   total 70656K, used 34521K [0x00000000c1e00000, 0x0000000100000000)
  region size 1024K, 4 young (4096K), 4 survivors (4096K)
 Metaspace       used 71690K, committed 72320K, reserved 1114112K
  class space    used 9528K, committed 9792K, reserved 1048576K
}
Event: 20.070 GC heap before
{Heap before GC invocations=29 (full 0):
 garbage-first heap   total 70656K, used 61145K [0x00000000c1e00000, 0x0000000100000000)
  region size 1024K, 30 young (30720K), 4 survivors (4096K)
 Metaspace       used 73255K, committed 73984K, reserved 1114112K
  class space    used 9775K, committed 10112K, reserved 1048576K
}
Event: 20.076 GC heap after
{Heap after GC invocations=30 (full 0):
 garbage-first heap   total 70656K, used 36044K [0x00000000c1e00000, 0x0000000100000000)
  region size 1024K, 3 young (3072K), 3 survivors (3072K)
 Metaspace       used 73255K, committed 73984K, reserved 1114112K
  class space    used 9775K, committed 10112K, reserved 1048576K
}
Event: 20.654 GC heap before
{Heap before GC invocations=30 (full 0):
 garbage-first heap   total 70656K, used 61644K [0x00000000c1e00000, 0x0000000100000000)
  region size 1024K, 29 young (29696K), 3 survivors (3072K)
 Metaspace       used 75059K, committed 75776K, reserved 1179648K
  class space    used 10015K, committed 10368K, reserved 1048576K
}
Event: 20.661 GC heap after
{Heap after GC invocations=31 (full 0):
 garbage-first heap   total 70656K, used 38152K [0x00000000c1e00000, 0x0000000100000000)
  region size 1024K, 4 young (4096K), 4 survivors (4096K)
 Metaspace       used 75059K, committed 75776K, reserved 1179648K
  class space    used 10015K, committed 10368K, reserved 1048576K
}
Event: 21.004 GC heap before
{Heap before GC invocations=31 (full 0):
 garbage-first heap   total 70656K, used 60680K [0x00000000c1e00000, 0x0000000100000000)
  region size 1024K, 27 young (27648K), 4 survivors (4096K)
 Metaspace       used 76680K, committed 77440K, reserved 1179648K
  class space    used 10250K, committed 10560K, reserved 1048576K
}
Event: 21.009 GC heap after
{Heap after GC invocations=32 (full 0):
 garbage-first heap   total 70656K, used 38930K [0x00000000c1e00000, 0x0000000100000000)
  region size 1024K, 2 young (2048K), 2 survivors (2048K)
 Metaspace       used 76680K, committed 77440K, reserved 1179648K
  class space    used 10250K, committed 10560K, reserved 1048576K
}
Event: 21.354 GC heap before
{Heap before GC invocations=33 (full 0):
 garbage-first heap   total 75776K, used 61458K [0x00000000c1e00000, 0x0000000100000000)
  region size 1024K, 25 young (25600K), 2 survivors (2048K)
 Metaspace       used 78211K, committed 78912K, reserved 1179648K
  class space    used 10459K, committed 10752K, reserved 1048576K
}
Event: 21.357 GC heap after
{Heap after GC invocations=34 (full 0):
 garbage-first heap   total 75776K, used 39877K [0x00000000c1e00000, 0x0000000100000000)
  region size 1024K, 3 young (3072K), 3 survivors (3072K)
 Metaspace       used 78211K, committed 78912K, reserved 1179648K
  class space    used 10459K, committed 10752K, reserved 1048576K
}
Event: 21.829 GC heap before
{Heap before GC invocations=34 (full 0):
 garbage-first heap   total 75776K, used 66501K [0x00000000c1e00000, 0x0000000100000000)
  region size 1024K, 29 young (29696K), 3 survivors (3072K)
 Metaspace       used 79494K, committed 80192K, reserved 1179648K
  class space    used 10656K, committed 10944K, reserved 1048576K
}
Event: 21.839 GC heap after
{Heap after GC invocations=35 (full 0):
 garbage-first heap   total 75776K, used 40749K [0x00000000c1e00000, 0x0000000100000000)
  region size 1024K, 3 young (3072K), 3 survivors (3072K)
 Metaspace       used 79494K, committed 80192K, reserved 1179648K
  class space    used 10656K, committed 10944K, reserved 1048576K
}
Event: 22.413 GC heap before
{Heap before GC invocations=35 (full 0):
 garbage-first heap   total 75776K, used 67373K [0x00000000c1e00000, 0x0000000100000000)
  region size 1024K, 29 young (29696K), 3 survivors (3072K)
 Metaspace       used 81198K, committed 81984K, reserved 1179648K
  class space    used 10881K, committed 11200K, reserved 1048576K
}
Event: 22.424 GC heap after
{Heap after GC invocations=36 (full 0):
 garbage-first heap   total 91136K, used 42341K [0x00000000c1e00000, 0x0000000100000000)
  region size 1024K, 4 young (4096K), 4 survivors (4096K)
 Metaspace       used 81198K, committed 81984K, reserved 1179648K
  class space    used 10881K, committed 11200K, reserved 1048576K
}

