# JRE version: Java(TM) SE Runtime Environment (21.0.1+12) (build 21.0.1+12-LTS-29)
# Java VM: Java HotSpot(TM) 64-Bit Server VM (21.0.1+12-LTS-29, mixed mode, sharing, tiered, compressed oops, compressed class ptrs, g1 gc, windows-amd64)
GC Precious Log:
 CardTable entry size: 512
 Card Set container configuration: InlinePtr #cards 5 size 8 Array Of Cards #cards 12 size 40 Howl #buckets 4 coarsen threshold 1843 Howl Bitmap #cards 512 size 80 coarsen threshold 460 Card regions per heap region 1 cards per card region 2048
 CPUs: 8 total, 8 available
 Memory: 3971M
 Large Page Support: Disabled
 NUMA Support: Disabled
 Compressed Oops: Enabled (32-bit)
 Heap Region Size: 1M
 Heap Min Capacity: 8M
 Heap Initial Capacity: 64M
 Heap Max Capacity: 994M
 Pre-touch: Disabled
 Parallel Workers: 8
 Concurrent Workers: 2
 Concurrent Refinement Workers: 8
 Periodic GC: Disabled
Heap:
 garbage-first heap   total 73728K, used 63626K [0x00000000c1e00000, 0x0000000100000000)
  region size 1024K, 23 young (23552K), 2 survivors (2048K)
 Metaspace       used 85478K, committed 86272K, reserved 1179648K
  class space    used 11662K, committed 12032K, reserved 1048576K
GC Heap History (20 events):
Event: 13.563 GC heap before
{Heap before GC invocations=8 (full 0):
 garbage-first heap   total 61440K, used 36385K [0x00000000c1e00000, 0x0000000100000000)
  region size 1024K, 17 young (17408K), 4 survivors (4096K)
 Metaspace       used 35488K, committed 35968K, reserved 1114112K
  class space    used 4629K, committed 4864K, reserved 1048576K
}
Event: 13.580 GC heap after
{Heap after GC invocations=9 (full 0):
 garbage-first heap   total 61440K, used 25661K [0x00000000c1e00000, 0x0000000100000000)
  region size 1024K, 2 young (2048K), 2 survivors (2048K)
 Metaspace       used 35488K, committed 35968K, reserved 1114112K
  class space    used 4629K, committed 4864K, reserved 1048576K
}
Event: 16.566 GC heap before
{Heap before GC invocations=10 (full 0):
 garbage-first heap   total 61440K, used 52285K [0x00000000c1e00000, 0x0000000100000000)
  region size 1024K, 27 young (27648K), 2 survivors (2048K)
 Metaspace       used 39794K, committed 40384K, reserved 1114112K
  class space    used 5230K, committed 5504K, reserved 1048576K
}
Event: 16.575 GC heap after
{Heap after GC invocations=11 (full 0):
 garbage-first heap   total 73728K, used 26963K [0x00000000c1e00000, 0x0000000100000000)
  region size 1024K, 3 young (3072K), 3 survivors (3072K)
 Metaspace       used 39794K, committed 40384K, reserved 1114112K
  class space    used 5230K, committed 5504K, reserved 1048576K
}
Event: 23.943 GC heap before
{Heap before GC invocations=11 (full 0):
 garbage-first heap   total 73728K, used 61779K [0x00000000c1e00000, 0x0000000100000000)
  region size 1024K, 38 young (38912K), 3 survivors (3072K)
 Metaspace       used 52794K, committed 53376K, reserved 1114112K
  class space    used 6954K, committed 7232K, reserved 1048576K
}
Event: 23.971 GC heap after
{Heap after GC invocations=12 (full 0):
 garbage-first heap   total 73728K, used 29441K [0x00000000c1e00000, 0x0000000100000000)
  region size 1024K, 5 young (5120K), 5 survivors (5120K)
 Metaspace       used 52794K, committed 53376K, reserved 1114112K
  class space    used 6954K, committed 7232K, reserved 1048576K
}
Event: 27.250 GC heap before
{Heap before GC invocations=12 (full 0):
 garbage-first heap   total 73728K, used 54017K [0x00000000c1e00000, 0x0000000100000000)
  region size 1024K, 30 young (30720K), 5 survivors (5120K)
 Metaspace       used 59600K, committed 60160K, reserved 1114112K
  class space    used 7931K, committed 8192K, reserved 1048576K
}
Event: 27.270 GC heap after
{Heap after GC invocations=13 (full 0):
 garbage-first heap   total 73728K, used 31317K [0x00000000c1e00000, 0x0000000100000000)
  region size 1024K, 2 young (2048K), 2 survivors (2048K)
 Metaspace       used 59600K, committed 60160K, reserved 1114112K
  class space    used 7931K, committed 8192K, reserved 1048576K
}
Event: 30.142 GC heap before
{Heap before GC invocations=14 (full 0):
 garbage-first heap   total 73728K, used 64085K [0x00000000c1e00000, 0x0000000100000000)
  region size 1024K, 34 young (34816K), 2 survivors (2048K)
 Metaspace       used 67149K, committed 67776K, reserved 1114112K
  class space    used 9071K, committed 9344K, reserved 1048576K
}
Event: 30.150 GC heap after
{Heap after GC invocations=15 (full 0):
 garbage-first heap   total 73728K, used 33515K [0x00000000c1e00000, 0x0000000100000000)
  region size 1024K, 4 young (4096K), 4 survivors (4096K)
 Metaspace       used 67149K, committed 67776K, reserved 1114112K
  class space    used 9071K, committed 9344K, reserved 1048576K
}
Event: 31.805 GC heap before
{Heap before GC invocations=15 (full 0):
 garbage-first heap   total 73728K, used 63211K [0x00000000c1e00000, 0x0000000100000000)
  region size 1024K, 33 young (33792K), 4 survivors (4096K)
 Metaspace       used 71608K, committed 72320K, reserved 1114112K
  class space    used 9674K, committed 9984K, reserved 1048576K
}
Event: 31.814 GC heap after
{Heap after GC invocations=16 (full 0):
 garbage-first heap   total 73728K, used 35382K [0x00000000c1e00000, 0x0000000100000000)
  region size 1024K, 5 young (5120K), 5 survivors (5120K)
 Metaspace       used 71608K, committed 72320K, reserved 1114112K
  class space    used 9674K, committed 9984K, reserved 1048576K
}
Event: 33.772 GC heap before
{Heap before GC invocations=16 (full 0):
 garbage-first heap   total 73728K, used 63030K [0x00000000c1e00000, 0x0000000100000000)
  region size 1024K, 32 young (32768K), 5 survivors (5120K)
 Metaspace       used 74562K, committed 75264K, reserved 1179648K
  class space    used 10083K, committed 10368K, reserved 1048576K
}
Event: 33.786 GC heap after
{Heap after GC invocations=17 (full 0):
 garbage-first heap   total 73728K, used 37989K [0x00000000c1e00000, 0x0000000100000000)
  region size 1024K, 3 young (3072K), 3 survivors (3072K)
 Metaspace       used 74562K, committed 75264K, reserved 1179648K
  class space    used 10083K, committed 10368K, reserved 1048576K
}
Event: 35.107 GC heap before
{Heap before GC invocations=17 (full 0):
 garbage-first heap   total 73728K, used 64613K [0x00000000c1e00000, 0x0000000100000000)
  region size 1024K, 29 young (29696K), 3 survivors (3072K)
 Metaspace       used 77303K, committed 78016K, reserved 1179648K
  class space    used 10463K, committed 10816K, reserved 1048576K
}
Event: 35.114 GC heap after
{Heap after GC invocations=18 (full 0):
 garbage-first heap   total 73728K, used 39954K [0x00000000c1e00000, 0x0000000100000000)
  region size 1024K, 3 young (3072K), 3 survivors (3072K)
 Metaspace       used 77303K, committed 78016K, reserved 1179648K
  class space    used 10463K, committed 10816K, reserved 1048576K
}
Event: 36.082 GC heap before
{Heap before GC invocations=19 (full 0):
 garbage-first heap   total 73728K, used 64530K [0x00000000c1e00000, 0x0000000100000000)
  region size 1024K, 27 young (27648K), 3 survivors (3072K)
 Metaspace       used 79074K, committed 79936K, reserved 1179648K
  class space    used 10738K, committed 11136K, reserved 1048576K
}
Event: 36.090 GC heap after
{Heap after GC invocations=20 (full 0):
 garbage-first heap   total 73728K, used 42491K [0x00000000c1e00000, 0x0000000100000000)
  region size 1024K, 3 young (3072K), 3 survivors (3072K)
 Metaspace       used 79074K, committed 79936K, reserved 1179648K
  class space    used 10738K, committed 11136K, reserved 1048576K
}
Event: 36.761 GC heap before
{Heap before GC invocations=20 (full 0):
 garbage-first heap   total 73728K, used 65019K [0x00000000c1e00000, 0x0000000100000000)
  region size 1024K, 25 young (25600K), 3 survivors (3072K)
 Metaspace       used 81015K, committed 81856K, reserved 1179648K
  class space    used 11031K, committed 11456K, reserved 1048576K
}
Event: 36.770 GC heap after
{Heap after GC invocations=21 (full 0):
 garbage-first heap   total 73728K, used 43146K [0x00000000c1e00000, 0x0000000100000000)
  region size 1024K, 2 young (2048K), 2 survivors (2048K)
 Metaspace       used 81015K, committed 81856K, reserved 1179648K
  class space    used 11031K, committed 11456K, reserved 1048576K
}

