# JRE version: Java(TM) SE Runtime Environment (21.0.1+12) (build 21.0.1+12-LTS-29)
# Java VM: Java HotSpot(TM) 64-Bit Server VM (21.0.1+12-LTS-29, mixed mode, sharing, tiered, compressed oops, compressed class ptrs, g1 gc, windows-amd64)
GC Precious Log:
 CardTable entry size: 512
 Card Set container configuration: InlinePtr #cards 5 size 8 Array Of Cards #cards 12 size 40 Howl #buckets 4 coarsen threshold 1843 Howl Bitmap #cards 512 size 80 coarsen threshold 460 Card regions per heap region 1 cards per card region 2048
 CPUs: 8 total, 8 available
 Memory: 3971M
 Large Page Support: Disabled
 NUMA Support: Disabled
 Compressed Oops: Enabled (32-bit)
 Heap Region Size: 1M
 Heap Min Capacity: 8M
 Heap Initial Capacity: 64M
 Heap Max Capacity: 994M
 Pre-touch: Disabled
 Parallel Workers: 8
 Concurrent Workers: 2
 Concurrent Refinement Workers: 8
 Periodic GC: Disabled
Heap:
 garbage-first heap   total 71680K, used 45666K [0x00000000c1e00000, 0x0000000100000000)
  region size 1024K, 7 young (7168K), 3 survivors (3072K)
 Metaspace       used 82662K, committed 83456K, reserved 1179648K
  class space    used 11210K, committed 11584K, reserved 1048576K
GC Heap History (20 events):
Event: 15.873 GC heap before
{Heap before GC invocations=11 (full 0):
 garbage-first heap   total 61440K, used 51942K [0x00000000c1e00000, 0x0000000100000000)
  region size 1024K, 28 young (28672K), 3 survivors (3072K)
 Metaspace       used 52215K, committed 52800K, reserved 1114112K
  class space    used 6905K, committed 7168K, reserved 1048576K
}
Event: 15.880 GC heap after
{Heap after GC invocations=12 (full 0):
 garbage-first heap   total 61440K, used 28574K [0x00000000c1e00000, 0x0000000100000000)
  region size 1024K, 4 young (4096K), 4 survivors (4096K)
 Metaspace       used 52215K, committed 52800K, reserved 1114112K
  class space    used 6905K, committed 7168K, reserved 1048576K
}
Event: 16.703 GC heap before
{Heap before GC invocations=12 (full 0):
 garbage-first heap   total 61440K, used 52126K [0x00000000c1e00000, 0x0000000100000000)
  region size 1024K, 28 young (28672K), 4 survivors (4096K)
 Metaspace       used 58446K, committed 58944K, reserved 1114112K
  class space    used 7780K, committed 8000K, reserved 1048576K
}
Event: 16.710 GC heap after
{Heap after GC invocations=13 (full 0):
 garbage-first heap   total 61440K, used 30290K [0x00000000c1e00000, 0x0000000100000000)
  region size 1024K, 2 young (2048K), 2 survivors (2048K)
 Metaspace       used 58446K, committed 58944K, reserved 1114112K
  class space    used 7780K, committed 8000K, reserved 1048576K
}
Event: 16.829 GC heap before
{Heap before GC invocations=13 (full 0):
 garbage-first heap   total 61440K, used 32338K [0x00000000c1e00000, 0x0000000100000000)
  region size 1024K, 5 young (5120K), 2 survivors (2048K)
 Metaspace       used 59629K, committed 60160K, reserved 1114112K
  class space    used 7913K, committed 8128K, reserved 1048576K
}
Event: 16.831 GC heap after
{Heap after GC invocations=14 (full 0):
 garbage-first heap   total 61440K, used 30209K [0x00000000c1e00000, 0x0000000100000000)
  region size 1024K, 2 young (2048K), 2 survivors (2048K)
 Metaspace       used 59629K, committed 60160K, reserved 1114112K
  class space    used 7913K, committed 8128K, reserved 1048576K
}
Event: 17.749 GC heap before
{Heap before GC invocations=15 (full 0):
 garbage-first heap   total 61440K, used 53761K [0x00000000c1e00000, 0x0000000100000000)
  region size 1024K, 26 young (26624K), 2 survivors (2048K)
 Metaspace       used 64827K, committed 65408K, reserved 1114112K
  class space    used 8799K, committed 9088K, reserved 1048576K
}
Event: 17.752 GC heap after
{Heap after GC invocations=16 (full 0):
 garbage-first heap   total 61440K, used 31416K [0x00000000c1e00000, 0x0000000100000000)
  region size 1024K, 3 young (3072K), 3 survivors (3072K)
 Metaspace       used 64827K, committed 65408K, reserved 1114112K
  class space    used 8799K, committed 9088K, reserved 1048576K
}
Event: 18.950 GC heap before
{Heap before GC invocations=16 (full 0):
 garbage-first heap   total 61440K, used 53944K [0x00000000c1e00000, 0x0000000100000000)
  region size 1024K, 26 young (26624K), 3 survivors (3072K)
 Metaspace       used 69072K, committed 69760K, reserved 1114112K
  class space    used 9360K, committed 9664K, reserved 1048576K
}
Event: 18.963 GC heap after
{Heap after GC invocations=17 (full 0):
 garbage-first heap   total 61440K, used 33522K [0x00000000c1e00000, 0x0000000100000000)
  region size 1024K, 4 young (4096K), 4 survivors (4096K)
 Metaspace       used 69072K, committed 69760K, reserved 1114112K
  class space    used 9360K, committed 9664K, reserved 1048576K
}
Event: 19.982 GC heap before
{Heap before GC invocations=17 (full 0):
 garbage-first heap   total 61440K, used 54002K [0x00000000c1e00000, 0x0000000100000000)
  region size 1024K, 24 young (24576K), 4 survivors (4096K)
 Metaspace       used 71320K, committed 72064K, reserved 1114112K
  class space    used 9642K, committed 9984K, reserved 1048576K
}
Event: 19.990 GC heap after
{Heap after GC invocations=18 (full 0):
 garbage-first heap   total 61440K, used 35695K [0x00000000c1e00000, 0x0000000100000000)
  region size 1024K, 3 young (3072K), 3 survivors (3072K)
 Metaspace       used 71320K, committed 72064K, reserved 1114112K
  class space    used 9642K, committed 9984K, reserved 1048576K
}
Event: 20.899 GC heap before
{Heap before GC invocations=19 (full 0):
 garbage-first heap   total 63488K, used 53103K [0x00000000c1e00000, 0x0000000100000000)
  region size 1024K, 20 young (20480K), 3 survivors (3072K)
 Metaspace       used 73638K, committed 74304K, reserved 1114112K
  class space    used 9977K, committed 10304K, reserved 1048576K
}
Event: 20.907 GC heap after
{Heap after GC invocations=20 (full 0):
 garbage-first heap   total 63488K, used 37364K [0x00000000c1e00000, 0x0000000100000000)
  region size 1024K, 2 young (2048K), 2 survivors (2048K)
 Metaspace       used 73638K, committed 74304K, reserved 1114112K
  class space    used 9977K, committed 10304K, reserved 1048576K
}
Event: 21.726 GC heap before
{Heap before GC invocations=20 (full 0):
 garbage-first heap   total 63488K, used 56820K [0x00000000c1e00000, 0x0000000100000000)
  region size 1024K, 21 young (21504K), 2 survivors (2048K)
 Metaspace       used 76237K, committed 76992K, reserved 1179648K
  class space    used 10344K, committed 10688K, reserved 1048576K
}
Event: 21.733 GC heap after
{Heap after GC invocations=21 (full 0):
 garbage-first heap   total 63488K, used 39102K [0x00000000c1e00000, 0x0000000100000000)
  region size 1024K, 3 young (3072K), 3 survivors (3072K)
 Metaspace       used 76237K, committed 76992K, reserved 1179648K
  class space    used 10344K, committed 10688K, reserved 1048576K
}
Event: 22.380 GC heap before
{Heap before GC invocations=21 (full 0):
 garbage-first heap   total 63488K, used 55486K [0x00000000c1e00000, 0x0000000100000000)
  region size 1024K, 19 young (19456K), 3 survivors (3072K)
 Metaspace       used 78815K, committed 79680K, reserved 1179648K
  class space    used 10673K, committed 11072K, reserved 1048576K
}
Event: 22.389 GC heap after
{Heap after GC invocations=22 (full 0):
 garbage-first heap   total 63488K, used 40516K [0x00000000c1e00000, 0x0000000100000000)
  region size 1024K, 2 young (2048K), 2 survivors (2048K)
 Metaspace       used 78815K, committed 79680K, reserved 1179648K
  class space    used 10673K, committed 11072K, reserved 1048576K
}
Event: 23.013 GC heap before
{Heap before GC invocations=23 (full 0):
 garbage-first heap   total 71680K, used 54852K [0x00000000c1e00000, 0x0000000100000000)
  region size 1024K, 17 young (17408K), 2 survivors (2048K)
 Metaspace       used 81696K, committed 82496K, reserved 1179648K
  class space    used 11083K, committed 11456K, reserved 1048576K
}
Event: 23.019 GC heap after
{Heap after GC invocations=24 (full 0):
 garbage-first heap   total 71680K, used 42594K [0x00000000c1e00000, 0x0000000100000000)
  region size 1024K, 3 young (3072K), 3 survivors (3072K)
 Metaspace       used 81696K, committed 82496K, reserved 1179648K
  class space    used 11083K, committed 11456K, reserved 1048576K
}

