# JRE version: Java(TM) SE Runtime Environment (21.0.1+12) (build 21.0.1+12-LTS-29)
# Java VM: Java HotSpot(TM) 64-Bit Server VM (21.0.1+12-LTS-29, mixed mode, sharing, tiered, compressed oops, compressed class ptrs, g1 gc, windows-amd64)
GC Precious Log:
 CardTable entry size: 512
 Card Set container configuration: InlinePtr #cards 5 size 8 Array Of Cards #cards 12 size 40 Howl #buckets 4 coarsen threshold 1843 Howl Bitmap #cards 512 size 80 coarsen threshold 460 Card regions per heap region 1 cards per card region 2048
 CPUs: 8 total, 8 available
 Memory: 3971M
 Large Page Support: Disabled
 NUMA Support: Disabled
 Compressed Oops: Enabled (32-bit)
 Heap Region Size: 1M
 Heap Min Capacity: 8M
 Heap Initial Capacity: 64M
 Heap Max Capacity: 994M
 Pre-touch: Disabled
 Parallel Workers: 8
 Concurrent Workers: 2
 Concurrent Refinement Workers: 8
 Periodic GC: Disabled
Heap:
 garbage-first heap   total 65536K, used 19633K [0x00000000c1e00000, 0x0000000100000000)
  region size 1024K, 10 young (10240K), 3 survivors (3072K)
 Metaspace       used 18527K, committed 18816K, reserved 1114112K
  class space    used 2291K, committed 2432K, reserved 1048576K
GC Heap History (6 events):
Event: 4.351 GC heap before
{Heap before GC invocations=0 (full 0):
 garbage-first heap   total 65536K, used 24576K [0x00000000c1e00000, 0x0000000100000000)
  region size 1024K, 23 young (23552K), 0 survivors (0K)
 Metaspace       used 5113K, committed 5376K, reserved 1114112K
  class space    used 583K, committed 704K, reserved 1048576K
}
Event: 4.395 GC heap after
{Heap after GC invocations=1 (full 0):
 garbage-first heap   total 65536K, used 8256K [0x00000000c1e00000, 0x0000000100000000)
  region size 1024K, 3 young (3072K), 3 survivors (3072K)
 Metaspace       used 5113K, committed 5376K, reserved 1114112K
  class space    used 583K, committed 704K, reserved 1048576K
}
Event: 7.128 GC heap before
{Heap before GC invocations=1 (full 0):
 garbage-first heap   total 65536K, used 31808K [0x00000000c1e00000, 0x0000000100000000)
  region size 1024K, 27 young (27648K), 3 survivors (3072K)
 Metaspace       used 11438K, committed 11712K, reserved 1114112K
  class space    used 1471K, committed 1600K, reserved 1048576K
}
Event: 7.140 GC heap after
{Heap after GC invocations=2 (full 0):
 garbage-first heap   total 65536K, used 10840K [0x00000000c1e00000, 0x0000000100000000)
  region size 1024K, 3 young (3072K), 3 survivors (3072K)
 Metaspace       used 11438K, committed 11712K, reserved 1114112K
  class space    used 1471K, committed 1600K, reserved 1048576K
}
Event: 8.418 GC heap before
{Heap before GC invocations=2 (full 0):
 garbage-first heap   total 65536K, used 38488K [0x00000000c1e00000, 0x0000000100000000)
  region size 1024K, 31 young (31744K), 3 survivors (3072K)
 Metaspace       used 17395K, committed 17728K, reserved 1114112K
  class space    used 2156K, committed 2304K, reserved 1048576K
}
Event: 8.426 GC heap after
{Heap after GC invocations=3 (full 0):
 garbage-first heap   total 65536K, used 13489K [0x00000000c1e00000, 0x0000000100000000)
  region size 1024K, 3 young (3072K), 3 survivors (3072K)
 Metaspace       used 17395K, committed 17728K, reserved 1114112K
  class space    used 2156K, committed 2304K, reserved 1048576K
}

