# JRE version: Java(TM) SE Runtime Environment (21.0.1+12) (build 21.0.1+12-LTS-29)
# Java VM: Java HotSpot(TM) 64-Bit Server VM (21.0.1+12-LTS-29, mixed mode, sharing, tiered, compressed oops, compressed class ptrs, g1 gc, windows-amd64)
GC Precious Log:
 CardTable entry size: 512
 Card Set container configuration: InlinePtr #cards 5 size 8 Array Of Cards #cards 12 size 40 Howl #buckets 4 coarsen threshold 1843 Howl Bitmap #cards 512 size 80 coarsen threshold 460 Card regions per heap region 1 cards per card region 2048
 CPUs: 8 total, 8 available
 Memory: 3971M
 Large Page Support: Disabled
 NUMA Support: Disabled
 Compressed Oops: Enabled (32-bit)
 Heap Region Size: 1M
 Heap Min Capacity: 8M
 Heap Initial Capacity: 64M
 Heap Max Capacity: 994M
 Pre-touch: Disabled
 Parallel Workers: 8
 Concurrent Workers: 2
 Concurrent Refinement Workers: 8
 Periodic GC: Disabled
Heap:
 garbage-first heap   total 70656K, used 58541K [0x00000000c1e00000, 0x0000000100000000)
  region size 1024K, 31 young (31744K), 5 survivors (5120K)
 Metaspace       used 54874K, committed 55680K, reserved 1114112K
  class space    used 7324K, committed 7680K, reserved 1048576K
GC Heap History (20 events):
Event: 3.055 GC heap before
{Heap before GC invocations=1 (full 0):
 garbage-first heap   total 65536K, used 32704K [0x00000000c1e00000, 0x0000000100000000)
  region size 1024K, 28 young (28672K), 3 survivors (3072K)
 Metaspace       used 11593K, committed 11904K, reserved 1114112K
  class space    used 1539K, committed 1664K, reserved 1048576K
}
Event: 3.063 GC heap after
{Heap after GC invocations=2 (full 0):
 garbage-first heap   total 65536K, used 10522K [0x00000000c1e00000, 0x0000000100000000)
  region size 1024K, 3 young (3072K), 3 survivors (3072K)
 Metaspace       used 11593K, committed 11904K, reserved 1114112K
  class space    used 1539K, committed 1664K, reserved 1048576K
}
Event: 4.841 GC heap before
{Heap before GC invocations=2 (full 0):
 garbage-first heap   total 65536K, used 40218K [0x00000000c1e00000, 0x0000000100000000)
  region size 1024K, 33 young (33792K), 3 survivors (3072K)
 Metaspace       used 18110K, committed 18368K, reserved 1114112K
  class space    used 2264K, committed 2368K, reserved 1048576K
}
Event: 4.849 GC heap after
{Heap after GC invocations=3 (full 0):
 garbage-first heap   total 65536K, used 13030K [0x00000000c1e00000, 0x0000000100000000)
  region size 1024K, 5 young (5120K), 5 survivors (5120K)
 Metaspace       used 18110K, committed 18368K, reserved 1114112K
  class space    used 2264K, committed 2368K, reserved 1048576K
}
Event: 6.056 GC heap before
{Heap before GC invocations=3 (full 0):
 garbage-first heap   total 65536K, used 41702K [0x00000000c1e00000, 0x0000000100000000)
  region size 1024K, 35 young (35840K), 5 survivors (5120K)
 Metaspace       used 21211K, committed 21504K, reserved 1114112K
  class space    used 2644K, committed 2752K, reserved 1048576K
}
Event: 6.069 GC heap after
{Heap after GC invocations=4 (full 0):
 garbage-first heap   total 65536K, used 15595K [0x00000000c1e00000, 0x0000000100000000)
  region size 1024K, 5 young (5120K), 5 survivors (5120K)
 Metaspace       used 21211K, committed 21504K, reserved 1114112K
  class space    used 2644K, committed 2752K, reserved 1048576K
}
Event: 7.102 GC heap before
{Heap before GC invocations=5 (full 0):
 garbage-first heap   total 58368K, used 44267K [0x00000000c1e00000, 0x0000000100000000)
  region size 1024K, 34 young (34816K), 5 survivors (5120K)
 Metaspace       used 24265K, committed 24576K, reserved 1114112K
  class space    used 3060K, committed 3200K, reserved 1048576K
}
Event: 7.115 GC heap after
{Heap after GC invocations=6 (full 0):
 garbage-first heap   total 58368K, used 18119K [0x00000000c1e00000, 0x0000000100000000)
  region size 1024K, 3 young (3072K), 3 survivors (3072K)
 Metaspace       used 24265K, committed 24576K, reserved 1114112K
  class space    used 3060K, committed 3200K, reserved 1048576K
}
Event: 8.024 GC heap before
{Heap before GC invocations=6 (full 0):
 garbage-first heap   total 58368K, used 45767K [0x00000000c1e00000, 0x0000000100000000)
  region size 1024K, 30 young (30720K), 3 survivors (3072K)
 Metaspace       used 29101K, committed 29632K, reserved 1114112K
  class space    used 3768K, committed 4032K, reserved 1048576K
}
Event: 8.038 GC heap after
{Heap after GC invocations=7 (full 0):
 garbage-first heap   total 58368K, used 20729K [0x00000000c1e00000, 0x0000000100000000)
  region size 1024K, 3 young (3072K), 3 survivors (3072K)
 Metaspace       used 29101K, committed 29632K, reserved 1114112K
  class space    used 3768K, committed 4032K, reserved 1048576K
}
Event: 8.928 GC heap before
{Heap before GC invocations=7 (full 0):
 garbage-first heap   total 58368K, used 46329K [0x00000000c1e00000, 0x0000000100000000)
  region size 1024K, 29 young (29696K), 3 survivors (3072K)
 Metaspace       used 34606K, committed 35136K, reserved 1114112K
  class space    used 4554K, committed 4736K, reserved 1048576K
}
Event: 8.940 GC heap after
{Heap after GC invocations=8 (full 0):
 garbage-first heap   total 58368K, used 22528K [0x00000000c1e00000, 0x0000000100000000)
  region size 1024K, 2 young (2048K), 2 survivors (2048K)
 Metaspace       used 34606K, committed 35136K, reserved 1114112K
  class space    used 4554K, committed 4736K, reserved 1048576K
}
Event: 9.117 GC heap before
{Heap before GC invocations=8 (full 0):
 garbage-first heap   total 58368K, used 25600K [0x00000000c1e00000, 0x0000000100000000)
  region size 1024K, 6 young (6144K), 2 survivors (2048K)
 Metaspace       used 35508K, committed 35968K, reserved 1114112K
  class space    used 4687K, committed 4864K, reserved 1048576K
}
Event: 9.123 GC heap after
{Heap after GC invocations=9 (full 0):
 garbage-first heap   total 70656K, used 22732K [0x00000000c1e00000, 0x0000000100000000)
  region size 1024K, 3 young (3072K), 3 survivors (3072K)
 Metaspace       used 35508K, committed 35968K, reserved 1114112K
  class space    used 4687K, committed 4864K, reserved 1048576K
}
Event: 10.420 GC heap before
{Heap before GC invocations=10 (full 0):
 garbage-first heap   total 70656K, used 59596K [0x00000000c1e00000, 0x0000000100000000)
  region size 1024K, 39 young (39936K), 3 survivors (3072K)
 Metaspace       used 39975K, committed 40576K, reserved 1114112K
  class space    used 5322K, committed 5632K, reserved 1048576K
}
Event: 10.434 GC heap after
{Heap after GC invocations=11 (full 0):
 garbage-first heap   total 70656K, used 25961K [0x00000000c1e00000, 0x0000000100000000)
  region size 1024K, 5 young (5120K), 5 survivors (5120K)
 Metaspace       used 39975K, committed 40576K, reserved 1114112K
  class space    used 5322K, committed 5632K, reserved 1048576K
}
Event: 11.630 GC heap before
{Heap before GC invocations=11 (full 0):
 garbage-first heap   total 70656K, used 58729K [0x00000000c1e00000, 0x0000000100000000)
  region size 1024K, 37 young (37888K), 5 survivors (5120K)
 Metaspace       used 44416K, committed 45184K, reserved 1114112K
  class space    used 5974K, committed 6336K, reserved 1048576K
}
Event: 11.649 GC heap after
{Heap after GC invocations=12 (full 0):
 garbage-first heap   total 70656K, used 29100K [0x00000000c1e00000, 0x0000000100000000)
  region size 1024K, 4 young (4096K), 4 survivors (4096K)
 Metaspace       used 44416K, committed 45184K, reserved 1114112K
  class space    used 5974K, committed 6336K, reserved 1048576K
}
Event: 12.828 GC heap before
{Heap before GC invocations=12 (full 0):
 garbage-first heap   total 70656K, used 59820K [0x00000000c1e00000, 0x0000000100000000)
  region size 1024K, 34 young (34816K), 4 survivors (4096K)
 Metaspace       used 52528K, committed 53376K, reserved 1114112K
  class space    used 7057K, committed 7424K, reserved 1048576K
}
Event: 12.839 GC heap after
{Heap after GC invocations=13 (full 0):
 garbage-first heap   total 70656K, used 32941K [0x00000000c1e00000, 0x0000000100000000)
  region size 1024K, 5 young (5120K), 5 survivors (5120K)
 Metaspace       used 52528K, committed 53376K, reserved 1114112K
  class space    used 7057K, committed 7424K, reserved 1048576K
}

