# JRE version: Java(TM) SE Runtime Environment (21.0.1+12) (build 21.0.1+12-LTS-29)
# Java VM: Java HotSpot(TM) 64-Bit Server VM (21.0.1+12-LTS-29, mixed mode, sharing, tiered, compressed oops, compressed class ptrs, g1 gc, windows-amd64)
GC Precious Log:
 CardTable entry size: 512
 Card Set container configuration: InlinePtr #cards 5 size 8 Array Of Cards #cards 12 size 40 Howl #buckets 4 coarsen threshold 1843 Howl Bitmap #cards 512 size 80 coarsen threshold 460 Card regions per heap region 1 cards per card region 2048
 CPUs: 8 total, 8 available
 Memory: 3971M
 Large Page Support: Disabled
 NUMA Support: Disabled
 Compressed Oops: Enabled (32-bit)
 Heap Region Size: 1M
 Heap Min Capacity: 8M
 Heap Initial Capacity: 64M
 Heap Max Capacity: 994M
 Pre-touch: Disabled
 Parallel Workers: 8
 Concurrent Workers: 2
 Concurrent Refinement Workers: 8
 Periodic GC: Disabled
Heap:
 garbage-first heap   total 86016K, used 52958K [0x00000000c1e00000, 0x0000000100000000)
  region size 1024K, 21 young (21504K), 2 survivors (2048K)
 Metaspace       used 64075K, committed 65344K, reserved 1114112K
  class space    used 8055K, committed 8576K, reserved 1048576K
GC Heap History (20 events):
Event: 10.041 GC heap before
{Heap before GC invocations=11 (full 0):
 garbage-first heap   total 71680K, used 61140K [0x00000000c1e00000, 0x0000000100000000)
  region size 1024K, 37 young (37888K), 4 survivors (4096K)
 Metaspace       used 44577K, committed 45248K, reserved 1114112K
  class space    used 5648K, committed 5952K, reserved 1048576K
}
Event: 10.060 GC heap after
{Heap after GC invocations=12 (full 0):
 garbage-first heap   total 86016K, used 31744K [0x00000000c1e00000, 0x0000000100000000)
  region size 1024K, 5 young (5120K), 5 survivors (5120K)
 Metaspace       used 44577K, committed 45248K, reserved 1114112K
  class space    used 5648K, committed 5952K, reserved 1048576K
}
Event: 12.023 GC heap before
{Heap before GC invocations=12 (full 0):
 garbage-first heap   total 86016K, used 72704K [0x00000000c1e00000, 0x0000000100000000)
  region size 1024K, 45 young (46080K), 5 survivors (5120K)
 Metaspace       used 52233K, committed 52928K, reserved 1114112K
  class space    used 6827K, committed 7168K, reserved 1048576K
}
Event: 12.037 GC heap after
{Heap after GC invocations=13 (full 0):
 garbage-first heap   total 86016K, used 37477K [0x00000000c1e00000, 0x0000000100000000)
  region size 1024K, 6 young (6144K), 6 survivors (6144K)
 Metaspace       used 52233K, committed 52928K, reserved 1114112K
  class space    used 6827K, committed 7168K, reserved 1048576K
}
Event: 15.616 GC heap before
{Heap before GC invocations=13 (full 0):
 garbage-first heap   total 86016K, used 69221K [0x00000000c1e00000, 0x0000000100000000)
  region size 1024K, 39 young (39936K), 6 survivors (6144K)
 Metaspace       used 60314K, committed 61056K, reserved 1114112K
  class space    used 7913K, committed 8256K, reserved 1048576K
}
Event: 15.642 GC heap after
{Heap after GC invocations=14 (full 0):
 garbage-first heap   total 86016K, used 41180K [0x00000000c1e00000, 0x0000000100000000)
  region size 1024K, 4 young (4096K), 4 survivors (4096K)
 Metaspace       used 60314K, committed 61056K, reserved 1114112K
  class space    used 7913K, committed 8256K, reserved 1048576K
}
Event: 1611.133 GC heap before
{Heap before GC invocations=15 (full 0):
 garbage-first heap   total 86016K, used 73948K [0x00000000c1e00000, 0x0000000100000000)
  region size 1024K, 36 young (36864K), 4 survivors (4096K)
 Metaspace       used 63595K, committed 64448K, reserved 1114112K
  class space    used 8163K, committed 8512K, reserved 1048576K
}
Event: 1611.288 GC heap after
{Heap after GC invocations=16 (full 0):
 garbage-first heap   total 86016K, used 42757K [0x00000000c1e00000, 0x0000000100000000)
  region size 1024K, 2 young (2048K), 2 survivors (2048K)
 Metaspace       used 63595K, committed 64448K, reserved 1114112K
  class space    used 8163K, committed 8512K, reserved 1048576K
}
Event: 3568.972 GC heap before
{Heap before GC invocations=16 (full 0):
 garbage-first heap   total 86016K, used 75525K [0x00000000c1e00000, 0x0000000100000000)
  region size 1024K, 34 young (34816K), 2 survivors (2048K)
 Metaspace       used 64275K, committed 65088K, reserved 1114112K
  class space    used 8169K, committed 8512K, reserved 1048576K
}
Event: 3569.126 GC heap after
{Heap after GC invocations=17 (full 0):
 garbage-first heap   total 86016K, used 41517K [0x00000000c1e00000, 0x0000000100000000)
  region size 1024K, 2 young (2048K), 2 survivors (2048K)
 Metaspace       used 64275K, committed 65088K, reserved 1114112K
  class space    used 8169K, committed 8512K, reserved 1048576K
}
Event: 5818.652 GC heap before
{Heap before GC invocations=17 (full 0):
 garbage-first heap   total 86016K, used 76333K [0x00000000c1e00000, 0x0000000100000000)
  region size 1024K, 37 young (37888K), 2 survivors (2048K)
 Metaspace       used 64381K, committed 65280K, reserved 1114112K
  class space    used 8174K, committed 8576K, reserved 1048576K
}
Event: 5818.976 GC heap after
{Heap after GC invocations=18 (full 0):
 garbage-first heap   total 86016K, used 41600K [0x00000000c1e00000, 0x0000000100000000)
  region size 1024K, 2 young (2048K), 2 survivors (2048K)
 Metaspace       used 64381K, committed 65280K, reserved 1114112K
  class space    used 8174K, committed 8576K, reserved 1048576K
}
Event: 8207.366 GC heap before
{Heap before GC invocations=19 (full 0):
 garbage-first heap   total 86016K, used 76416K [0x00000000c1e00000, 0x0000000100000000)
  region size 1024K, 38 young (38912K), 2 survivors (2048K)
 Metaspace       used 63934K, committed 65280K, reserved 1114112K
  class space    used 8046K, committed 8576K, reserved 1048576K
}
Event: 8207.567 GC heap after
{Heap after GC invocations=20 (full 0):
 garbage-first heap   total 86016K, used 40484K [0x00000000c1e00000, 0x0000000100000000)
  region size 1024K, 2 young (2048K), 2 survivors (2048K)
 Metaspace       used 63934K, committed 65280K, reserved 1114112K
  class space    used 8046K, committed 8576K, reserved 1048576K
}
Event: 10703.092 GC heap before
{Heap before GC invocations=20 (full 0):
 garbage-first heap   total 86016K, used 78372K [0x00000000c1e00000, 0x0000000100000000)
  region size 1024K, 39 young (39936K), 2 survivors (2048K)
 Metaspace       used 63986K, committed 65344K, reserved 1114112K
  class space    used 8051K, committed 8576K, reserved 1048576K
}
Event: 10703.378 GC heap after
{Heap after GC invocations=21 (full 0):
 garbage-first heap   total 86016K, used 36450K [0x00000000c1e00000, 0x0000000100000000)
  region size 1024K, 2 young (2048K), 2 survivors (2048K)
 Metaspace       used 63986K, committed 65344K, reserved 1114112K
  class space    used 8051K, committed 8576K, reserved 1048576K
}
Event: 13480.161 GC heap before
{Heap before GC invocations=21 (full 0):
 garbage-first heap   total 86016K, used 77410K [0x00000000c1e00000, 0x0000000100000000)
  region size 1024K, 43 young (44032K), 2 survivors (2048K)
 Metaspace       used 64023K, committed 65344K, reserved 1114112K
  class space    used 8053K, committed 8576K, reserved 1048576K
}
Event: 13480.495 GC heap after
{Heap after GC invocations=22 (full 0):
 garbage-first heap   total 86016K, used 35478K [0x00000000c1e00000, 0x0000000100000000)
  region size 1024K, 2 young (2048K), 2 survivors (2048K)
 Metaspace       used 64023K, committed 65344K, reserved 1114112K
  class space    used 8053K, committed 8576K, reserved 1048576K
}
Event: 16322.892 GC heap before
{Heap before GC invocations=22 (full 0):
 garbage-first heap   total 86016K, used 77462K [0x00000000c1e00000, 0x0000000100000000)
  region size 1024K, 44 young (45056K), 2 survivors (2048K)
 Metaspace       used 64054K, committed 65344K, reserved 1114112K
  class space    used 8053K, committed 8576K, reserved 1048576K
}
Event: 16323.048 GC heap after
{Heap after GC invocations=23 (full 0):
 garbage-first heap   total 86016K, used 35550K [0x00000000c1e00000, 0x0000000100000000)
  region size 1024K, 2 young (2048K), 2 survivors (2048K)
 Metaspace       used 64054K, committed 65344K, reserved 1114112K
  class space    used 8053K, committed 8576K, reserved 1048576K
}

